\BOOKMARK [1][-]{section*.1}{\376\377\000I\000n\000t\000r\000o\000d\000u\000c\000t\000i\000o\000n}{}% 1
\BOOKMARK [1][-]{section*.2}{\376\377\000B\000a\000c\000k\000g\000r\000o\000u\000n\000d}{}% 2
\BOOKMARK [2][-]{section*.3}{\376\377\000C\000i\000r\000c\000u\000l\000a\000r\000-\000R\000e\000s\000t\000r\000i\000c\000t\000e\000d\000\040\000T\000h\000r\000e\000e\000-\000B\000o\000d\000y\000\040\000P\000r\000o\000b\000l\000e\000m\000\040\000\050\000C\000R\0003\000B\000P\000\051\000\040\000w\000i\000t\000h\000\040\000C\000o\000n\000t\000r\000o\000l}{section*.2}% 3
\BOOKMARK [2][-]{section*.4}{\376\377\000P\000e\000r\000i\000o\000d\000i\000c\000\040\000O\000r\000b\000i\000t\000s\000\040\000i\000n\000\040\000t\000h\000e\000\040\000C\000R\0003\000B\000P}{section*.2}% 4
\BOOKMARK [2][-]{section*.5}{\376\377\000E\000x\000t\000e\000n\000d\000e\000d\000\040\000K\000a\000l\000m\000a\000n\000\040\000F\000i\000l\000t\000e\000r\000\040\000\050\000E\000K\000F\000\051}{section*.2}% 5
\BOOKMARK [2][-]{section*.6}{\376\377\000I\000n\000t\000e\000r\000a\000c\000t\000i\000n\000g\000\040\000M\000u\000l\000t\000i\000p\000l\000e\000\040\000M\000o\000d\000e\000l\000\040\000\050\000I\000M\000M\000\051\000\040\000E\000s\000t\000i\000m\000a\000t\000o\000r}{section*.2}% 6
\BOOKMARK [2][-]{section*.7}{\376\377\000P\000o\000n\000t\000r\000y\000a\000g\000i\000n\000'\000s\000\040\000M\000i\000n\000i\000m\000u\000m\000\040\000P\000r\000i\000n\000c\000i\000p\000l\000e}{section*.2}% 7
\BOOKMARK [1][-]{section*.8}{\376\377\000M\000e\000t\000h\000o\000d\000o\000l\000o\000g\000y}{}% 8
\BOOKMARK [2][-]{section*.9}{\376\377\000P\000o\000n\000t\000r\000y\000a\000g\000i\000n\000'\000s\000\040\000M\000i\000n\000i\000m\000u\000m\000\040\000P\000r\000i\000n\000c\000i\000p\000l\000e\000\040\000i\000n\000\040\000t\000h\000e\000\040\000C\000R\0003\000B\000P}{section*.8}% 9
\BOOKMARK [3][-]{section*.10}{\376\377\000M\000i\000n\000i\000m\000u\000m\000-\000F\000u\000e\000l}{section*.9}% 10
\BOOKMARK [3][-]{section*.11}{\376\377\000M\000i\000n\000i\000m\000u\000m\000-\000T\000i\000m\000e}{section*.9}% 11
\BOOKMARK [2][-]{section*.12}{\376\377\000O\000p\000t\000i\000m\000a\000l\000\040\000C\000o\000n\000t\000r\000o\000l\000\040\000I\000M\000M\000\040\000\050\000O\000C\000I\000M\000M\000\051}{section*.8}% 12
\BOOKMARK [2][-]{section*.13}{\376\377\000A\000c\000c\000e\000l\000e\000r\000a\000t\000i\000o\000n\000\040\000I\000M\000M}{section*.8}% 13
\BOOKMARK [2][-]{section*.14}{\376\377\000O\000b\000s\000e\000r\000v\000a\000t\000i\000o\000n\000\040\000S\000t\000r\000a\000t\000e\000g\000y}{section*.8}% 14
\BOOKMARK [2][-]{section*.15}{\376\377\000O\000b\000s\000e\000r\000v\000a\000t\000i\000o\000n\000\040\000C\000h\000e\000c\000k\000s}{section*.8}% 15
\BOOKMARK [2][-]{section*.16}{\376\377\000U\000n\000d\000e\000r\000w\000e\000i\000g\000h\000t\000i\000n\000g}{section*.8}% 16
\BOOKMARK [1][-]{section*.17}{\376\377\000S\000i\000m\000u\000l\000a\000t\000i\000o\000n}{}% 17
\BOOKMARK [1][-]{section*.18}{\376\377\000R\000e\000s\000u\000l\000t\000s}{}% 18
\BOOKMARK [2][-]{section*.19}{\376\377\000F\000u\000l\000l\000y\000-\000O\000b\000s\000e\000r\000v\000e\000d\000\040\000S\000c\000e\000n\000a\000r\000i\000o}{section*.18}% 19
\BOOKMARK [2][-]{section*.20}{\376\377\000O\000b\000s\000e\000r\000v\000a\000t\000i\000o\000n\000\040\000G\000a\000p\000\040\000S\000c\000e\000n\000a\000r\000i\000o}{section*.18}% 20
\BOOKMARK [1][-]{section*.21}{\376\377\000C\000o\000n\000c\000l\000u\000s\000i\000o\000n}{}% 21
