\BOOKMARK [0][-]{titlepage.0}{TITLE\040PAGE}{}% 1
\BOOKMARK [0][-]{committeeapproval.0}{COMMITTEE\040APPROVAL}{}% 2
\BOOKMARK [0][-]{dedication.0}{DEDICATION}{}% 3
\BOOKMARK [0][-]{acknowledments.0}{ACKNOWLEDGMENTS}{}% 4
\BOOKMARK [0][-]{preface.0}{PREFACE}{}% 5
\BOOKMARK [0][-]{Contents.0}{TABLE\040OF\040CONTENTS}{}% 6
\BOOKMARK [0][-]{chapter*.4}{LIST\040OF\040TABLES}{}% 7
\BOOKMARK [0][-]{chapter*.5}{LIST\040OF\040FIGURES}{}% 8
\BOOKMARK [0][-]{chapter*.6}{LIST\040OF\040LISTINGS}{}% 9
\BOOKMARK [0][-]{chapter*.7}{LIST\040OF\040SYMBOLS}{}% 10
\BOOKMARK [0][-]{chapter*.8}{ABBREVIATIONS}{}% 11
\BOOKMARK [0][-]{chapter*.9}{ABSTRACT}{}% 12
\BOOKMARK [0][-]{chapter.10}{INTRODUCTION}{}% 13
\BOOKMARK [0][-]{chapter.11}{PRELIMINARIES}{}% 14
\BOOKMARK [1][-]{section.12}{Dynamics}{chapter.11}% 15
\BOOKMARK [2][-]{subsection.13}{The\040Circular-Restricted\040Three-Body\040Problem\040\(CR3BP\)}{section.12}% 16
\BOOKMARK [1][-]{section.16}{Periodic\040Orbits\040in\040the\040CR3BP}{chapter.11}% 17
\BOOKMARK [1][-]{section.18}{Extended\040Kalman\040Filter\040\(EKF\)}{chapter.11}% 18
\BOOKMARK [1][-]{section.30}{Interacting\040Multiple\040Model\040\(IMM\)\040Estimator}{chapter.11}% 19
\BOOKMARK [1][-]{section.44}{Pontryagin's\040Minimum\040Principle}{chapter.11}% 20
\BOOKMARK [0][-]{chapter.49}{METHODOLOGY}{}% 21
\BOOKMARK [1][-]{section.50}{Pontryagin's\040Minimum\040Principle\040in\040the\040CR3BP}{chapter.49}% 22
\BOOKMARK [2][-]{subsection.51}{Minimum-Fuel}{section.50}% 23
\BOOKMARK [3][-]{equation.57}{Minimum-Time}{subsection.51}% 24
\BOOKMARK [2][-]{subsection.63}{Optimal\040Control\040IMM\040\(OCIMM\)}{section.50}% 25
\BOOKMARK [2][-]{subsection.66}{Acceleration\040IMM}{section.50}% 26
\BOOKMARK [2][-]{subsection.69}{Observation\040Strategy}{section.50}% 27
\BOOKMARK [2][-]{subsection.75}{Observation\040Checks}{section.50}% 28
\BOOKMARK [2][-]{subsection.76}{Underweighting}{section.50}% 29
\BOOKMARK [2][-]{subsection.79}{Costate\040Guessing\040Algorithm}{section.50}% 30
\BOOKMARK [2][-]{subsection.80}{Smoother\040Consistency\040Test}{section.50}% 31
\BOOKMARK [0][-]{chapter.83}{ABOUT\040THE\040APPENDICES}{}% 32
\BOOKMARK [1][-]{section.84}{Paragraphs}{chapter.83}% 33
\BOOKMARK [1][-]{section.85}{Section\040Heading}{chapter.83}% 34
\BOOKMARK [2][-]{subsection.86}{Subsection\040heading}{section.85}% 35
\BOOKMARK [3][-]{section*.87}{Subsubsection\040heading}{subsection.86}% 36
\BOOKMARK [1][-]{section.88}{Text\040math}{chapter.83}% 37
